<?xml version="1.0" encoding="UTF-8"?>
<!-- Generated by org.testng.reporters.JUnitReportReporter -->
<testsuite skipped="0" hostname="TYSS-MF-036" name="TestRunner.Runner" tests="1" failures="0" timestamp="15 Apr 2019 10:29:52 GMT" time="14.168" errors="0">
  <testcase name="feature" time="14.168" classname="TestRunner.Runner"/>
</testsuite> <!-- TestRunner.Runner -->
